Using pre-set license
Built from '6000.0/staging' branch; Version is '6000.0.32f1 (b2e806cf271c) revision 11724806'; Using compiler version '193933523'; Build Type 'Release'
OS: 'Windows 11  (10.0.22631) 64bit Core' Language: 'en' Physical Memory: 16237 MB
BatchMode: 1, IsHumanControllingUs: 0, StartBugReporterOnCrash: 0, Is64bit: 1, IsPro: 1

COMMAND LINE ARGUMENTS:
C:\Program Files\Unity\Hub\Editor\6000.0.32f1\Editor\Unity.exe
-adb2
-batchMode
-noUpm
-name
AssetImportWorker0
-projectPath
G:/Unity/_Packages/UnitySkidmarks
-logFile
Logs/AssetImportWorker0.log
-srvPort
59738
-job-worker-count
5
-background-job-worker-count
8
-gc-helper-count
1
Successfully changed project path to: G:/Unity/_Packages/UnitySkidmarks
G:/Unity/_Packages/UnitySkidmarks
[UnityMemory] Configuration Parameters - Can be set up in boot.config
    "memorysetup-bucket-allocator-granularity=16"
    "memorysetup-bucket-allocator-bucket-count=8"
    "memorysetup-bucket-allocator-block-size=33554432"
    "memorysetup-bucket-allocator-block-count=8"
    "memorysetup-main-allocator-block-size=16777216"
    "memorysetup-thread-allocator-block-size=16777216"
    "memorysetup-gfx-main-allocator-block-size=16777216"
    "memorysetup-gfx-thread-allocator-block-size=16777216"
    "memorysetup-cache-allocator-block-size=4194304"
    "memorysetup-typetree-allocator-block-size=2097152"
    "memorysetup-profiler-bucket-allocator-granularity=16"
    "memorysetup-profiler-bucket-allocator-bucket-count=8"
    "memorysetup-profiler-bucket-allocator-block-size=33554432"
    "memorysetup-profiler-bucket-allocator-block-count=8"
    "memorysetup-profiler-allocator-block-size=16777216"
    "memorysetup-profiler-editor-allocator-block-size=1048576"
    "memorysetup-temp-allocator-size-main=16777216"
    "memorysetup-job-temp-allocator-block-size=2097152"
    "memorysetup-job-temp-allocator-block-size-background=1048576"
    "memorysetup-job-temp-allocator-reduction-small-platforms=262144"
    "memorysetup-allocator-temp-initial-block-size-main=262144"
    "memorysetup-allocator-temp-initial-block-size-worker=262144"
    "memorysetup-temp-allocator-size-background-worker=32768"
    "memorysetup-temp-allocator-size-job-worker=262144"
    "memorysetup-temp-allocator-size-preload-manager=33554432"
    "memorysetup-temp-allocator-size-nav-mesh-worker=65536"
    "memorysetup-temp-allocator-size-audio-worker=65536"
    "memorysetup-temp-allocator-size-cloud-worker=32768"
    "memorysetup-temp-allocator-size-gi-baking-worker=262144"
    "memorysetup-temp-allocator-size-gi-baking-worker=262144"
    "memorysetup-temp-allocator-size-gi-baking-worker=262144"
    "memorysetup-temp-allocator-size-gi-baking-worker=262144"
    "memorysetup-temp-allocator-size-gi-baking-worker=262144"
    "memorysetup-temp-allocator-size-gfx=262144"
Player connection [30668]  Target information:

Player connection [30668]  * "[IP] 192.168.0.162 [Port] 0 [Flags] 2 [Guid] 2385427592 [EditorId] 2385427592 [Version] 1048832 [Id] WindowsEditor(7,Ferreira-RTX) [Debug] 1 [PackageName] WindowsEditor [ProjectName] Editor" 

Player connection [30668]  * "[IP] 192.168.56.1 [Port] 0 [Flags] 2 [Guid] 2385427592 [EditorId] 2385427592 [Version] 1048832 [Id] WindowsEditor(7,Ferreira-RTX) [Debug] 1 [PackageName] WindowsEditor [ProjectName] Editor" 

Player connection [30668] Host joined multi-casting on [225.0.0.222:54997]...
Player connection [30668] Host joined alternative multi-casting on [225.0.0.222:34997]...
JobSystem: Creating JobQueue using job-worker-count value 5
[Physics::Module] Initialized fallback backend.
[Physics::Module] Id: 0xdecafbad
Library Redirect Path: Library/
[Physics::Module] Selected backend.
[Physics::Module] Name: PhysX
[Physics::Module] Id: 0xf2b8ea05
[Physics::Module] SDK Version: 4.1.2
[Physics::Module] Integration Version: 1.0.0
[Physics::Module] Threading Mode: Multi-Threaded
Refreshing native plugins compatible for Editor in 0.28 ms, found 0 plugins.
Preloading 0 native plugins for Editor in 0.00 ms.
Initialize engine version: 6000.0.32f1 (b2e806cf271c)
[Subsystems] Discovering subsystems at path C:/Program Files/Unity/Hub/Editor/6000.0.32f1/Editor/Data/Resources/UnitySubsystems
[Subsystems] Discovering subsystems at path G:/Unity/_Packages/UnitySkidmarks/Assets
GfxDevice: creating device client; kGfxThreadingModeNonThreaded
Direct3D:
    Version:  Direct3D 11.0 [level 11.1]
    Renderer: NVIDIA GeForce RTX 3050 (ID=0x2507)
    Vendor:   NVIDIA
    VRAM:     8042 MB
    Driver:   32.0.15.6094
Initialize mono
Mono path[0] = 'C:/Program Files/Unity/Hub/Editor/6000.0.32f1/Editor/Data/Managed'
Mono path[1] = 'C:/Program Files/Unity/Hub/Editor/6000.0.32f1/Editor/Data/MonoBleedingEdge/lib/mono/unityjit-win32'
Mono config path = 'C:/Program Files/Unity/Hub/Editor/6000.0.32f1/Editor/Data/MonoBleedingEdge/etc'
Using monoOptions --debugger-agent=transport=dt_socket,embedding=1,server=y,suspend=n,address=127.0.0.1:56776
Begin MonoManager ReloadAssembly
Registering precompiled unity dll's ...
Register platform support module: C:/Program Files/Unity/Hub/Editor/6000.0.32f1/Editor/Data/PlaybackEngines/WindowsStandaloneSupport/UnityEditor.WindowsStandalone.Extensions.dll
Register platform support module: C:/Program Files/Unity/Hub/Editor/6000.0.32f1/Editor/Data/PlaybackEngines/AndroidPlayer/UnityEditor.Android.Extensions.dll
Registered in 0.004528 seconds.
- Loaded All Assemblies, in  0.586 seconds
Native extension for Android target not found
Android Extension - Scanning For ADB Devices 302 ms
Native extension for WindowsStandalone target not found
Mono: successfully reloaded assembly
- Finished resetting the current domain, in  0.730 seconds
Domain Reload Profiling: 1312ms
	BeginReloadAssembly (212ms)
		ExecutionOrderSort (0ms)
		DisableScriptedObjects (0ms)
		BackupInstance (0ms)
		ReleaseScriptingObjects (0ms)
		CreateAndSetChildDomain (1ms)
	RebuildCommonClasses (56ms)
	RebuildNativeTypeToScriptingClass (15ms)
	initialDomainReloadingComplete (64ms)
	LoadAllAssembliesAndSetupDomain (235ms)
		LoadAssemblies (207ms)
		RebuildTransferFunctionScriptingTraits (0ms)
		AnalyzeDomain (229ms)
			TypeCache.Refresh (227ms)
				TypeCache.ScanAssembly (207ms)
			BuildScriptInfoCaches (0ms)
			ResolveRequiredComponents (0ms)
	FinalizeReload (731ms)
		ReleaseScriptCaches (0ms)
		RebuildScriptCaches (0ms)
		SetupLoadedEditorAssemblies (681ms)
			LogAssemblyErrors (0ms)
			InitializePlatformSupportModulesInManaged (428ms)
			SetLoadedEditorAssemblies (4ms)
			BeforeProcessingInitializeOnLoad (53ms)
			ProcessInitializeOnLoadAttributes (127ms)
			ProcessInitializeOnLoadMethodAttributes (68ms)
			AfterProcessingInitializeOnLoad (0ms)
			EditorAssembliesLoaded (0ms)
		ExecutionOrderSort2 (0ms)
		AwakeInstancesAfterBackupRestoration (0ms)
========================================================================
Worker process is ready to serve import requests
Import Worker Mode flag is 0x00
Begin MonoManager ReloadAssembly
- Loaded All Assemblies, in  0.452 seconds
Refreshing native plugins compatible for Editor in 0.12 ms, found 0 plugins.
Native extension for Android target not found
Native extension for WindowsStandalone target not found
Mono: successfully reloaded assembly
- Finished resetting the current domain, in  0.672 seconds
Domain Reload Profiling: 1120ms
	BeginReloadAssembly (197ms)
		ExecutionOrderSort (0ms)
		DisableScriptedObjects (7ms)
		BackupInstance (0ms)
		ReleaseScriptingObjects (0ms)
		CreateAndSetChildDomain (35ms)
	RebuildCommonClasses (42ms)
	RebuildNativeTypeToScriptingClass (16ms)
	initialDomainReloadingComplete (43ms)
	LoadAllAssembliesAndSetupDomain (148ms)
		LoadAssemblies (223ms)
		RebuildTransferFunctionScriptingTraits (0ms)
		AnalyzeDomain (41ms)
			TypeCache.Refresh (32ms)
				TypeCache.ScanAssembly (21ms)
			BuildScriptInfoCaches (7ms)
			ResolveRequiredComponents (1ms)
	FinalizeReload (673ms)
		ReleaseScriptCaches (0ms)
		RebuildScriptCaches (0ms)
		SetupLoadedEditorAssemblies (478ms)
			LogAssemblyErrors (0ms)
			InitializePlatformSupportModulesInManaged (14ms)
			SetLoadedEditorAssemblies (2ms)
			BeforeProcessingInitializeOnLoad (69ms)
			ProcessInitializeOnLoadAttributes (206ms)
			ProcessInitializeOnLoadMethodAttributes (174ms)
			AfterProcessingInitializeOnLoad (12ms)
			EditorAssembliesLoaded (0ms)
		ExecutionOrderSort2 (0ms)
		AwakeInstancesAfterBackupRestoration (52ms)
Launched and connected shader compiler UnityShaderCompiler.exe after 0.02 seconds
Refreshing native plugins compatible for Editor in 0.36 ms, found 0 plugins.
Preloading 0 native plugins for Editor in 0.00 ms.
Unloading 8 Unused Serialized files (Serialized files now loaded: 0)
Unloading 565 unused Assets / (179.1 KB). Loaded Objects now: 1063.
Memory consumption went from 57.1 MB to 56.9 MB.
Total: 5.515800 ms (FindLiveObjects: 0.164100 ms CreateObjectMapping: 0.111800 ms MarkObjects: 4.835300 ms  DeleteObjects: 0.402900 ms)

========================================================================
Received Import Request.
  Time since last request: 16679.848250 seconds.
  path: Assets/csc.rsp
  artifactKey: Guid(5467f5186d9828d41b078e82e0f618eb) Importer(815301076,1909f56bfc062723c751e8b465ee728b)
Start importing Assets/csc.rsp using Guid(5467f5186d9828d41b078e82e0f618eb) Importer(815301076,1909f56bfc062723c751e8b465ee728b) (PreviewImporter) -> (artifact id: 'ed83f50a8881b7e22ba5756a4e9234cd') in 0.0065006 seconds
Number of updated asset objects reloaded before import = 0Number of asset objects unloaded after import = 0

========================================================================
Received Import Request.
  Time since last request: 0.000017 seconds.
  path: Assets/Sample Scene.unity
  artifactKey: Guid(41b8fdb98491fab48a0cd641d4c0e3b1) Importer(815301076,1909f56bfc062723c751e8b465ee728b)
Start importing Assets/Sample Scene.unity using Guid(41b8fdb98491fab48a0cd641d4c0e3b1) Importer(815301076,1909f56bfc062723c751e8b465ee728b) (PreviewImporter) -> (artifact id: '2ffdc4d9962bd88309c60b311d6d508e') in 0.0006418 seconds
Number of updated asset objects reloaded before import = 0Number of asset objects unloaded after import = 0

========================================================================
Received Prepare
Begin MonoManager ReloadAssembly
- Loaded All Assemblies, in  0.532 seconds
Refreshing native plugins compatible for Editor in 0.14 ms, found 0 plugins.
Native extension for Android target not found
Native extension for WindowsStandalone target not found
Mono: successfully reloaded assembly
- Finished resetting the current domain, in  0.456 seconds
Domain Reload Profiling: 983ms
	BeginReloadAssembly (254ms)
		ExecutionOrderSort (0ms)
		DisableScriptedObjects (9ms)
		BackupInstance (0ms)
		ReleaseScriptingObjects (0ms)
		CreateAndSetChildDomain (38ms)
	RebuildCommonClasses (55ms)
	RebuildNativeTypeToScriptingClass (15ms)
	initialDomainReloadingComplete (37ms)
	LoadAllAssembliesAndSetupDomain (166ms)
		LoadAssemblies (291ms)
		RebuildTransferFunctionScriptingTraits (0ms)
		AnalyzeDomain (36ms)
			TypeCache.Refresh (7ms)
				TypeCache.ScanAssembly (0ms)
			BuildScriptInfoCaches (25ms)
			ResolveRequiredComponents (2ms)
	FinalizeReload (457ms)
		ReleaseScriptCaches (0ms)
		RebuildScriptCaches (0ms)
		SetupLoadedEditorAssemblies (308ms)
			LogAssemblyErrors (0ms)
			InitializePlatformSupportModulesInManaged (14ms)
			SetLoadedEditorAssemblies (3ms)
			BeforeProcessingInitializeOnLoad (80ms)
			ProcessInitializeOnLoadAttributes (159ms)
			ProcessInitializeOnLoadMethodAttributes (42ms)
			AfterProcessingInitializeOnLoad (9ms)
			EditorAssembliesLoaded (0ms)
		ExecutionOrderSort2 (0ms)
		AwakeInstancesAfterBackupRestoration (11ms)
Refreshing native plugins compatible for Editor in 0.14 ms, found 0 plugins.
Preloading 0 native plugins for Editor in 0.00 ms.
Unloading 1 Unused Serialized files (Serialized files now loaded: 0)
Unloading 563 unused Assets / (82.4 KB). Loaded Objects now: 1065.
Memory consumption went from 56.5 MB to 56.5 MB.
Total: 4.064400 ms (FindLiveObjects: 0.135300 ms CreateObjectMapping: 0.042000 ms MarkObjects: 3.699700 ms  DeleteObjects: 0.186000 ms)

Prepare: number of updated asset objects reloaded= 0
========================================================================
Received Import Request.
  Time since last request: 83.202954 seconds.
  path: Assets/UnitySkidmarks/WheelSkid.cs
  artifactKey: Guid(1848074eee38bc247a4f6de3aa81ca60) Importer(815301076,1909f56bfc062723c751e8b465ee728b)
Start importing Assets/UnitySkidmarks/WheelSkid.cs using Guid(1848074eee38bc247a4f6de3aa81ca60) Importer(815301076,1909f56bfc062723c751e8b465ee728b) (PreviewImporter) -> (artifact id: 'f6684f1af771b5aa2285a8fd091b009a') in 0.0020582 seconds
Number of updated asset objects reloaded before import = 0Number of asset objects unloaded after import = 0

========================================================================
Received Import Request.
  Time since last request: 118.976097 seconds.
  path: Assets/UnitySkidmarks/Skidmarks.shader
  artifactKey: Guid(748797bf246665248b65ec17e29bd275) Importer(815301076,1909f56bfc062723c751e8b465ee728b)
Start importing Assets/UnitySkidmarks/Skidmarks.shader using Guid(748797bf246665248b65ec17e29bd275) Importer(815301076,1909f56bfc062723c751e8b465ee728b) (PreviewImporter) -> (artifact id: '56858014f5886be157cbf1d33ba41f50') in 0.0188336 seconds
Number of updated asset objects reloaded before import = 0Number of asset objects unloaded after import = 0

========================================================================
Received Import Request.
  Time since last request: 2.769639 seconds.
  path: Assets/UnitySkidmarks
  artifactKey: Guid(9881505acdda10e4eaf56179b7edcb45) Importer(815301076,1909f56bfc062723c751e8b465ee728b)
Start importing Assets/UnitySkidmarks using Guid(9881505acdda10e4eaf56179b7edcb45) Importer(815301076,1909f56bfc062723c751e8b465ee728b) (PreviewImporter) -> (artifact id: '40d927d215b688845d41c3949dd311ac') in 0.0005003 seconds
Number of updated asset objects reloaded before import = 0Number of asset objects unloaded after import = 0

========================================================================
Received Import Request.
  Time since last request: 3.940310 seconds.
  path: Assets/Skidmarks
  artifactKey: Guid(9881505acdda10e4eaf56179b7edcb45) Importer(815301076,1909f56bfc062723c751e8b465ee728b)
Start importing Assets/Skidmarks using Guid(9881505acdda10e4eaf56179b7edcb45) Importer(815301076,1909f56bfc062723c751e8b465ee728b) (PreviewImporter) -> (artifact id: '355b81feb05fdbdfa63296d5b2f39636') in 0.0004499 seconds
Number of updated asset objects reloaded before import = 0Number of asset objects unloaded after import = 0

========================================================================
Received Prepare
Begin MonoManager ReloadAssembly
- Loaded All Assemblies, in  0.454 seconds
Refreshing native plugins compatible for Editor in 0.13 ms, found 0 plugins.
Native extension for Android target not found
Native extension for WindowsStandalone target not found
Mono: successfully reloaded assembly
- Finished resetting the current domain, in  0.396 seconds
Domain Reload Profiling: 847ms
	BeginReloadAssembly (207ms)
		ExecutionOrderSort (0ms)
		DisableScriptedObjects (7ms)
		BackupInstance (0ms)
		ReleaseScriptingObjects (0ms)
		CreateAndSetChildDomain (33ms)
	RebuildCommonClasses (42ms)
	RebuildNativeTypeToScriptingClass (15ms)
	initialDomainReloadingComplete (37ms)
	LoadAllAssembliesAndSetupDomain (149ms)
		LoadAssemblies (253ms)
		RebuildTransferFunctionScriptingTraits (0ms)
		AnalyzeDomain (27ms)
			TypeCache.Refresh (9ms)
				TypeCache.ScanAssembly (0ms)
			BuildScriptInfoCaches (16ms)
			ResolveRequiredComponents (1ms)
	FinalizeReload (397ms)
		ReleaseScriptCaches (0ms)
		RebuildScriptCaches (0ms)
		SetupLoadedEditorAssemblies (272ms)
			LogAssemblyErrors (0ms)
			InitializePlatformSupportModulesInManaged (12ms)
			SetLoadedEditorAssemblies (2ms)
			BeforeProcessingInitializeOnLoad (75ms)
			ProcessInitializeOnLoadAttributes (139ms)
			ProcessInitializeOnLoadMethodAttributes (35ms)
			AfterProcessingInitializeOnLoad (8ms)
			EditorAssembliesLoaded (0ms)
		ExecutionOrderSort2 (0ms)
		AwakeInstancesAfterBackupRestoration (8ms)
Refreshing native plugins compatible for Editor in 0.17 ms, found 0 plugins.
Preloading 0 native plugins for Editor in 0.00 ms.
Unloading 1 Unused Serialized files (Serialized files now loaded: 0)
Unloading 563 unused Assets / (82.0 KB). Loaded Objects now: 1066.
Memory consumption went from 56.5 MB to 56.5 MB.
Total: 4.539600 ms (FindLiveObjects: 0.136200 ms CreateObjectMapping: 0.133400 ms MarkObjects: 4.044000 ms  DeleteObjects: 0.224600 ms)

Prepare: number of updated asset objects reloaded= 0
========================================================================
Received Import Request.
  Time since last request: 6.177954 seconds.
  path: Assets/Skidmarks/Skidmarks.cs
  artifactKey: Guid(b8a0bddfb97fbfb4da04ef8e02113173) Importer(815301076,1909f56bfc062723c751e8b465ee728b)
Start importing Assets/Skidmarks/Skidmarks.cs using Guid(b8a0bddfb97fbfb4da04ef8e02113173) Importer(815301076,1909f56bfc062723c751e8b465ee728b) (PreviewImporter) -> (artifact id: 'ad8edde2a5421b8e86de4019d483f49a') in 0.0018356 seconds
Number of updated asset objects reloaded before import = 0Number of asset objects unloaded after import = 0

========================================================================
Received Import Request.
  Time since last request: 13.614922 seconds.
  path: Assets/New Terrain.asset
  artifactKey: Guid(be520d63b32664f42a09ddc5b75e4793) Importer(815301076,1909f56bfc062723c751e8b465ee728b)
Start importing Assets/New Terrain.asset using Guid(be520d63b32664f42a09ddc5b75e4793) Importer(815301076,1909f56bfc062723c751e8b465ee728b) (PreviewImporter) -> (artifact id: '6cecab071c7b3a3efe11be50c79bf1bc') in 0.079363 seconds
Number of updated asset objects reloaded before import = 0Number of asset objects unloaded after import = 3

========================================================================
Received Import Request.
  Time since last request: 0.750296 seconds.
  path: Assets/Sample Scene.unity
  artifactKey: Guid(41b8fdb98491fab48a0cd641d4c0e3b1) Importer(815301076,1909f56bfc062723c751e8b465ee728b)
Start importing Assets/Sample Scene.unity using Guid(41b8fdb98491fab48a0cd641d4c0e3b1) Importer(815301076,1909f56bfc062723c751e8b465ee728b) (PreviewImporter) -> (artifact id: '81edbb3267fdc47acd726fb461a9eb9b') in 0.000591 seconds
Number of updated asset objects reloaded before import = 0Number of asset objects unloaded after import = 0

========================================================================
Received Import Request.
  Time since last request: 153.874553 seconds.
  path: Assets/Skidmarks/package.json
  artifactKey: Guid(370a0d322d9d026438e309888ec5155e) Importer(815301076,1909f56bfc062723c751e8b465ee728b)
Start importing Assets/Skidmarks/package.json using Guid(370a0d322d9d026438e309888ec5155e) Importer(815301076,1909f56bfc062723c751e8b465ee728b) (PreviewImporter) -> (artifact id: '94036efa9bb9fc37bbd81b5389cda776') in 0.0013628 seconds
Number of updated asset objects reloaded before import = 0Number of asset objects unloaded after import = 1

========================================================================
Received Import Request.
  Time since last request: 60.989465 seconds.
  path: Assets/Skidmarks/package.json
  artifactKey: Guid(370a0d322d9d026438e309888ec5155e) Importer(815301076,1909f56bfc062723c751e8b465ee728b)
Start importing Assets/Skidmarks/package.json using Guid(370a0d322d9d026438e309888ec5155e) Importer(815301076,1909f56bfc062723c751e8b465ee728b) (PreviewImporter) -> (artifact id: 'ff7ef9b103084860d061fc96848df495') in 0.0013447 seconds
Number of updated asset objects reloaded before import = 0Number of asset objects unloaded after import = 1

========================================================================
Received Import Request.
  Time since last request: 361.744260 seconds.
  path: Assets/Skidmarks/Runtime
  artifactKey: Guid(96a98140d446aca479d45d8214c60e4c) Importer(815301076,1909f56bfc062723c751e8b465ee728b)
Start importing Assets/Skidmarks/Runtime using Guid(96a98140d446aca479d45d8214c60e4c) Importer(815301076,1909f56bfc062723c751e8b465ee728b) (PreviewImporter) -> (artifact id: '7087abb6003e93e42abe516d0e2b5224') in 0.001041 seconds
Number of updated asset objects reloaded before import = 0Number of asset objects unloaded after import = 0

========================================================================
Received Prepare
Begin MonoManager ReloadAssembly
- Loaded All Assemblies, in  0.485 seconds
Refreshing native plugins compatible for Editor in 0.16 ms, found 0 plugins.
Native extension for Android target not found
Native extension for WindowsStandalone target not found
Mono: successfully reloaded assembly
- Finished resetting the current domain, in  0.618 seconds
Domain Reload Profiling: 1100ms
	BeginReloadAssembly (243ms)
		ExecutionOrderSort (0ms)
		DisableScriptedObjects (7ms)
		BackupInstance (0ms)
		ReleaseScriptingObjects (0ms)
		CreateAndSetChildDomain (42ms)
	RebuildCommonClasses (42ms)
	RebuildNativeTypeToScriptingClass (15ms)
	initialDomainReloadingComplete (29ms)
	LoadAllAssembliesAndSetupDomain (153ms)
		LoadAssemblies (272ms)
		RebuildTransferFunctionScriptingTraits (0ms)
		AnalyzeDomain (33ms)
			TypeCache.Refresh (7ms)
				TypeCache.ScanAssembly (0ms)
			BuildScriptInfoCaches (22ms)
			ResolveRequiredComponents (1ms)
	FinalizeReload (618ms)
		ReleaseScriptCaches (0ms)
		RebuildScriptCaches (0ms)
		SetupLoadedEditorAssemblies (422ms)
			LogAssemblyErrors (0ms)
			InitializePlatformSupportModulesInManaged (30ms)
			SetLoadedEditorAssemblies (4ms)
			BeforeProcessingInitializeOnLoad (108ms)
			ProcessInitializeOnLoadAttributes (244ms)
			ProcessInitializeOnLoadMethodAttributes (30ms)
			AfterProcessingInitializeOnLoad (7ms)
			EditorAssembliesLoaded (0ms)
		ExecutionOrderSort2 (0ms)
		AwakeInstancesAfterBackupRestoration (8ms)
Refreshing native plugins compatible for Editor in 0.16 ms, found 0 plugins.
Preloading 0 native plugins for Editor in 0.00 ms.
Unloading 1 Unused Serialized files (Serialized files now loaded: 0)
Unloading 565 unused Assets / (0.6 MB). Loaded Objects now: 1070.
Memory consumption went from 57.3 MB to 56.7 MB.
Total: 4.833900 ms (FindLiveObjects: 0.137100 ms CreateObjectMapping: 0.081400 ms MarkObjects: 4.047400 ms  DeleteObjects: 0.566600 ms)

Prepare: number of updated asset objects reloaded= 0
========================================================================
Received Import Request.
  Time since last request: 86.201636 seconds.
  path: Packages/com.unity.ai.navigation/Runtime/AssemblyInfo.cs
  artifactKey: Guid(3df4f0279114423485294ff1196c6644) Importer(815301076,1909f56bfc062723c751e8b465ee728b)
Start importing Packages/com.unity.ai.navigation/Runtime/AssemblyInfo.cs using Guid(3df4f0279114423485294ff1196c6644) Importer(815301076,1909f56bfc062723c751e8b465ee728b) (PreviewImporter) -> (artifact id: '99470198d53a8a70bb80062fd5d926c2') in 0.0022741 seconds
Number of updated asset objects reloaded before import = 0Number of asset objects unloaded after import = 0

========================================================================
Received Import Request.
  Time since last request: 30.405313 seconds.
  path: Packages/com.unity.ai.navigation/Runtime/NavMeshLink.deprecated.cs
  artifactKey: Guid(d4d7832a718690643968fd71bac1b029) Importer(815301076,1909f56bfc062723c751e8b465ee728b)
Start importing Packages/com.unity.ai.navigation/Runtime/NavMeshLink.deprecated.cs using Guid(d4d7832a718690643968fd71bac1b029) Importer(815301076,1909f56bfc062723c751e8b465ee728b) (PreviewImporter) -> (artifact id: '3c5ca19716c205a0b21a95b6983b404d') in 0.0006501 seconds
Number of updated asset objects reloaded before import = 0Number of asset objects unloaded after import = 0

========================================================================
Received Import Request.
  Time since last request: 7.077912 seconds.
  path: Packages/com.unity.ai.navigation/Runtime/Unity.AI.Navigation.asmdef
  artifactKey: Guid(8c4dd21966739024fbd72155091d199e) Importer(815301076,1909f56bfc062723c751e8b465ee728b)
Start importing Packages/com.unity.ai.navigation/Runtime/Unity.AI.Navigation.asmdef using Guid(8c4dd21966739024fbd72155091d199e) Importer(815301076,1909f56bfc062723c751e8b465ee728b) (PreviewImporter) -> (artifact id: 'e37cfffebb38f9205b8e7b4ced44d433') in 0.0005764 seconds
Number of updated asset objects reloaded before import = 0Number of asset objects unloaded after import = 0

========================================================================
Received Import Request.
  Time since last request: 67.627058 seconds.
  path: Assets/Skidmarks/Runtime/SkidmarksController.cs
  artifactKey: Guid(b8a0bddfb97fbfb4da04ef8e02113173) Importer(815301076,1909f56bfc062723c751e8b465ee728b)
Start importing Assets/Skidmarks/Runtime/SkidmarksController.cs using Guid(b8a0bddfb97fbfb4da04ef8e02113173) Importer(815301076,1909f56bfc062723c751e8b465ee728b) (PreviewImporter) -> (artifact id: '7a366b7e8d90f33a80b92ea94603efe4') in 0.0005303 seconds
Number of updated asset objects reloaded before import = 0Number of asset objects unloaded after import = 0

========================================================================
Received Prepare
Begin MonoManager ReloadAssembly
- Loaded All Assemblies, in  1.374 seconds
Refreshing native plugins compatible for Editor in 0.16 ms, found 0 plugins.
Native extension for Android target not found
Native extension for WindowsStandalone target not found
Mono: successfully reloaded assembly
- Finished resetting the current domain, in  0.360 seconds
Domain Reload Profiling: 1731ms
	BeginReloadAssembly (259ms)
		ExecutionOrderSort (0ms)
		DisableScriptedObjects (8ms)
		BackupInstance (0ms)
		ReleaseScriptingObjects (0ms)
		CreateAndSetChildDomain (41ms)
	RebuildCommonClasses (60ms)
	RebuildNativeTypeToScriptingClass (23ms)
	initialDomainReloadingComplete (42ms)
	LoadAllAssembliesAndSetupDomain (986ms)
		LoadAssemblies (1127ms)
		RebuildTransferFunctionScriptingTraits (0ms)
		AnalyzeDomain (31ms)
			TypeCache.Refresh (6ms)
				TypeCache.ScanAssembly (0ms)
			BuildScriptInfoCaches (21ms)
			ResolveRequiredComponents (1ms)
	FinalizeReload (361ms)
		ReleaseScriptCaches (0ms)
		RebuildScriptCaches (0ms)
		SetupLoadedEditorAssemblies (241ms)
			LogAssemblyErrors (0ms)
			InitializePlatformSupportModulesInManaged (12ms)
			SetLoadedEditorAssemblies (2ms)
			BeforeProcessingInitializeOnLoad (65ms)
			ProcessInitializeOnLoadAttributes (121ms)
			ProcessInitializeOnLoadMethodAttributes (33ms)
			AfterProcessingInitializeOnLoad (8ms)
			EditorAssembliesLoaded (0ms)
		ExecutionOrderSort2 (0ms)
		AwakeInstancesAfterBackupRestoration (9ms)
Refreshing native plugins compatible for Editor in 0.13 ms, found 0 plugins.
Preloading 0 native plugins for Editor in 0.00 ms.
Unloading 1 Unused Serialized files (Serialized files now loaded: 0)
Unloading 563 unused Assets / (76.8 KB). Loaded Objects now: 1070.
Memory consumption went from 56.9 MB to 56.8 MB.
Total: 3.453900 ms (FindLiveObjects: 0.101100 ms CreateObjectMapping: 0.035200 ms MarkObjects: 3.165100 ms  DeleteObjects: 0.151500 ms)

Prepare: number of updated asset objects reloaded= 0
========================================================================
Received Import Request.
  Time since last request: 5.472468 seconds.
  path: Assets/Skidmarks/Runtime/SkidmarksController.cs
  artifactKey: Guid(b8a0bddfb97fbfb4da04ef8e02113173) Importer(815301076,1909f56bfc062723c751e8b465ee728b)
Start importing Assets/Skidmarks/Runtime/SkidmarksController.cs using Guid(b8a0bddfb97fbfb4da04ef8e02113173) Importer(815301076,1909f56bfc062723c751e8b465ee728b) (PreviewImporter) -> (artifact id: '47da73f212ad88a7f229859ed9799347') in 0.0020107 seconds
Number of updated asset objects reloaded before import = 0Number of asset objects unloaded after import = 0

========================================================================
Received Prepare
Refreshing native plugins compatible for Editor in 0.13 ms, found 0 plugins.
Preloading 0 native plugins for Editor in 0.00 ms.
Unloading 0 Unused Serialized files (Serialized files now loaded: 0)
Unloading 561 unused Assets / (69.2 KB). Loaded Objects now: 1070.
Memory consumption went from 57.1 MB to 57.0 MB.
Total: 3.778200 ms (FindLiveObjects: 0.121600 ms CreateObjectMapping: 0.036300 ms MarkObjects: 3.460400 ms  DeleteObjects: 0.158600 ms)

Prepare: number of updated asset objects reloaded= 0
========================================================================
Received Import Request.
  Time since last request: 14.074010 seconds.
  path: Assets/Skidmarks/Runtime/SkidmarksController.cs
  artifactKey: Guid(b8a0bddfb97fbfb4da04ef8e02113173) Importer(815301076,1909f56bfc062723c751e8b465ee728b)
Start importing Assets/Skidmarks/Runtime/SkidmarksController.cs using Guid(b8a0bddfb97fbfb4da04ef8e02113173) Importer(815301076,1909f56bfc062723c751e8b465ee728b) (PreviewImporter) -> (artifact id: '6647cce1cdd78d7f28243097783ea6fe') in 0.0011798 seconds
Number of updated asset objects reloaded before import = 0Number of asset objects unloaded after import = 0

========================================================================
Received Prepare
Refreshing native plugins compatible for Editor in 0.14 ms, found 0 plugins.
Preloading 0 native plugins for Editor in 0.00 ms.
Unloading 0 Unused Serialized files (Serialized files now loaded: 0)
Unloading 561 unused Assets / (71.3 KB). Loaded Objects now: 1070.
Memory consumption went from 57.1 MB to 57.0 MB.
Total: 4.753300 ms (FindLiveObjects: 0.139200 ms CreateObjectMapping: 0.055000 ms MarkObjects: 4.380100 ms  DeleteObjects: 0.177600 ms)

Prepare: number of updated asset objects reloaded= 0
========================================================================
Received Import Request.
  Time since last request: 2.864750 seconds.
  path: Assets/Skidmarks/Runtime/SkidmarksController.cs
  artifactKey: Guid(b8a0bddfb97fbfb4da04ef8e02113173) Importer(815301076,1909f56bfc062723c751e8b465ee728b)
Start importing Assets/Skidmarks/Runtime/SkidmarksController.cs using Guid(b8a0bddfb97fbfb4da04ef8e02113173) Importer(815301076,1909f56bfc062723c751e8b465ee728b) (PreviewImporter) -> (artifact id: '30f7a10c0e0fa02bd3bc84ca8022b32d') in 0.0010514 seconds
Number of updated asset objects reloaded before import = 0Number of asset objects unloaded after import = 0

========================================================================
Received Prepare
Refreshing native plugins compatible for Editor in 0.14 ms, found 0 plugins.
Preloading 0 native plugins for Editor in 0.00 ms.
Unloading 0 Unused Serialized files (Serialized files now loaded: 0)
Unloading 561 unused Assets / (76.3 KB). Loaded Objects now: 1070.
Memory consumption went from 57.1 MB to 57.0 MB.
Total: 4.062700 ms (FindLiveObjects: 0.150100 ms CreateObjectMapping: 0.070700 ms MarkObjects: 3.548800 ms  DeleteObjects: 0.292100 ms)

Prepare: number of updated asset objects reloaded= 0
========================================================================
Received Import Request.
  Time since last request: 7.035259 seconds.
  path: Assets/Skidmarks/Runtime/SkidmarksController.cs
  artifactKey: Guid(b8a0bddfb97fbfb4da04ef8e02113173) Importer(815301076,1909f56bfc062723c751e8b465ee728b)
Start importing Assets/Skidmarks/Runtime/SkidmarksController.cs using Guid(b8a0bddfb97fbfb4da04ef8e02113173) Importer(815301076,1909f56bfc062723c751e8b465ee728b) (PreviewImporter) -> (artifact id: '76fa387649fdeff691523f5742b5af38') in 0.0016455 seconds
Number of updated asset objects reloaded before import = 0Number of asset objects unloaded after import = 0

========================================================================
Received Prepare
Refreshing native plugins compatible for Editor in 0.20 ms, found 0 plugins.
Preloading 0 native plugins for Editor in 0.00 ms.
Unloading 0 Unused Serialized files (Serialized files now loaded: 0)
Unloading 561 unused Assets / (73.7 KB). Loaded Objects now: 1070.
Memory consumption went from 57.1 MB to 57.1 MB.
Total: 4.785900 ms (FindLiveObjects: 0.131900 ms CreateObjectMapping: 0.046000 ms MarkObjects: 4.360400 ms  DeleteObjects: 0.246500 ms)

Prepare: number of updated asset objects reloaded= 0
========================================================================
Received Import Request.
  Time since last request: 16.884470 seconds.
  path: Assets/Skidmarks/Runtime/SkidmarksController.cs
  artifactKey: Guid(b8a0bddfb97fbfb4da04ef8e02113173) Importer(815301076,1909f56bfc062723c751e8b465ee728b)
Start importing Assets/Skidmarks/Runtime/SkidmarksController.cs using Guid(b8a0bddfb97fbfb4da04ef8e02113173) Importer(815301076,1909f56bfc062723c751e8b465ee728b) (PreviewImporter) -> (artifact id: '05092de2f52ef83abafcc64cc67fe07e') in 0.001002 seconds
Number of updated asset objects reloaded before import = 0Number of asset objects unloaded after import = 0

========================================================================
Received Prepare
Refreshing native plugins compatible for Editor in 0.15 ms, found 0 plugins.
Preloading 0 native plugins for Editor in 0.00 ms.
Unloading 0 Unused Serialized files (Serialized files now loaded: 0)
Unloading 561 unused Assets / (59.3 KB). Loaded Objects now: 1070.
Memory consumption went from 57.1 MB to 57.1 MB.
Total: 4.686500 ms (FindLiveObjects: 0.142900 ms CreateObjectMapping: 0.053700 ms MarkObjects: 4.229400 ms  DeleteObjects: 0.258000 ms)

Prepare: number of updated asset objects reloaded= 0
========================================================================
Received Import Request.
  Time since last request: 4.499640 seconds.
  path: Assets/Skidmarks/Runtime/SkidmarksController.cs
  artifactKey: Guid(b8a0bddfb97fbfb4da04ef8e02113173) Importer(815301076,1909f56bfc062723c751e8b465ee728b)
Start importing Assets/Skidmarks/Runtime/SkidmarksController.cs using Guid(b8a0bddfb97fbfb4da04ef8e02113173) Importer(815301076,1909f56bfc062723c751e8b465ee728b) (PreviewImporter) -> (artifact id: '95aae6ced8ff7941a3d8294c112dc0cc') in 0.0011149 seconds
Number of updated asset objects reloaded before import = 0Number of asset objects unloaded after import = 0

========================================================================
Received Prepare
Refreshing native plugins compatible for Editor in 0.14 ms, found 0 plugins.
Preloading 0 native plugins for Editor in 0.00 ms.
Unloading 0 Unused Serialized files (Serialized files now loaded: 0)
Unloading 561 unused Assets / (56.6 KB). Loaded Objects now: 1070.
Memory consumption went from 57.1 MB to 57.1 MB.
Total: 4.694600 ms (FindLiveObjects: 0.133100 ms CreateObjectMapping: 0.069100 ms MarkObjects: 4.231800 ms  DeleteObjects: 0.259000 ms)

Prepare: number of updated asset objects reloaded= 0
========================================================================
Received Prepare
Refreshing native plugins compatible for Editor in 0.14 ms, found 0 plugins.
Preloading 0 native plugins for Editor in 0.00 ms.
Unloading 0 Unused Serialized files (Serialized files now loaded: 0)
Unloading 561 unused Assets / (63.2 KB). Loaded Objects now: 1070.
Memory consumption went from 57.1 MB to 57.0 MB.
Total: 4.785700 ms (FindLiveObjects: 0.219000 ms CreateObjectMapping: 0.073900 ms MarkObjects: 4.317100 ms  DeleteObjects: 0.173300 ms)

Prepare: number of updated asset objects reloaded= 0
========================================================================
Received Import Request.
  Time since last request: 33.419361 seconds.
  path: Assets/Skidmarks/Runtime/SkidmarksController.cs
  artifactKey: Guid(b8a0bddfb97fbfb4da04ef8e02113173) Importer(815301076,1909f56bfc062723c751e8b465ee728b)
Start importing Assets/Skidmarks/Runtime/SkidmarksController.cs using Guid(b8a0bddfb97fbfb4da04ef8e02113173) Importer(815301076,1909f56bfc062723c751e8b465ee728b) (PreviewImporter) -> (artifact id: '8336af69818a189c32c5a85e957afb2a') in 0.0012553 seconds
Number of updated asset objects reloaded before import = 0Number of asset objects unloaded after import = 0

========================================================================
Received Prepare
Begin MonoManager ReloadAssembly
- Loaded All Assemblies, in  0.501 seconds
Refreshing native plugins compatible for Editor in 0.12 ms, found 0 plugins.
Native extension for Android target not found
Native extension for WindowsStandalone target not found
Mono: successfully reloaded assembly
- Finished resetting the current domain, in  0.453 seconds
Domain Reload Profiling: 949ms
	BeginReloadAssembly (257ms)
		ExecutionOrderSort (0ms)
		DisableScriptedObjects (12ms)
		BackupInstance (0ms)
		ReleaseScriptingObjects (0ms)
		CreateAndSetChildDomain (45ms)
	RebuildCommonClasses (43ms)
	RebuildNativeTypeToScriptingClass (15ms)
	initialDomainReloadingComplete (28ms)
	LoadAllAssembliesAndSetupDomain (153ms)
		LoadAssemblies (288ms)
		RebuildTransferFunctionScriptingTraits (0ms)
		AnalyzeDomain (25ms)
			TypeCache.Refresh (6ms)
				TypeCache.ScanAssembly (0ms)
			BuildScriptInfoCaches (16ms)
			ResolveRequiredComponents (1ms)
	FinalizeReload (453ms)
		ReleaseScriptCaches (0ms)
		RebuildScriptCaches (0ms)
		SetupLoadedEditorAssemblies (310ms)
			LogAssemblyErrors (0ms)
			InitializePlatformSupportModulesInManaged (17ms)
			SetLoadedEditorAssemblies (3ms)
			BeforeProcessingInitializeOnLoad (81ms)
			ProcessInitializeOnLoadAttributes (154ms)
			ProcessInitializeOnLoadMethodAttributes (44ms)
			AfterProcessingInitializeOnLoad (10ms)
			EditorAssembliesLoaded (1ms)
		ExecutionOrderSort2 (0ms)
		AwakeInstancesAfterBackupRestoration (14ms)
Refreshing native plugins compatible for Editor in 0.20 ms, found 0 plugins.
Preloading 0 native plugins for Editor in 0.00 ms.
Unloading 1 Unused Serialized files (Serialized files now loaded: 0)
Unloading 563 unused Assets / (72.9 KB). Loaded Objects now: 1070.
Memory consumption went from 56.9 MB to 56.8 MB.
Total: 4.545200 ms (FindLiveObjects: 0.141500 ms CreateObjectMapping: 0.070600 ms MarkObjects: 4.169500 ms  DeleteObjects: 0.162000 ms)

Prepare: number of updated asset objects reloaded= 0
========================================================================
Received Prepare
Refreshing native plugins compatible for Editor in 0.17 ms, found 0 plugins.
Preloading 0 native plugins for Editor in 0.00 ms.
Unloading 0 Unused Serialized files (Serialized files now loaded: 0)
Unloading 561 unused Assets / (80.1 KB). Loaded Objects now: 1070.
Memory consumption went from 57.1 MB to 57.0 MB.
Total: 5.767200 ms (FindLiveObjects: 0.274300 ms CreateObjectMapping: 0.056900 ms MarkObjects: 5.107000 ms  DeleteObjects: 0.327500 ms)

Prepare: number of updated asset objects reloaded= 0
========================================================================
Received Prepare
Begin MonoManager ReloadAssembly
- Loaded All Assemblies, in  0.465 seconds
Refreshing native plugins compatible for Editor in 0.17 ms, found 0 plugins.
Native extension for Android target not found
Native extension for WindowsStandalone target not found
Mono: successfully reloaded assembly
- Finished resetting the current domain, in  0.385 seconds
Domain Reload Profiling: 847ms
	BeginReloadAssembly (223ms)
		ExecutionOrderSort (0ms)
		DisableScriptedObjects (7ms)
		BackupInstance (0ms)
		ReleaseScriptingObjects (0ms)
		CreateAndSetChildDomain (39ms)
	RebuildCommonClasses (52ms)
	RebuildNativeTypeToScriptingClass (17ms)
	initialDomainReloadingComplete (30ms)
	LoadAllAssembliesAndSetupDomain (140ms)
		LoadAssemblies (257ms)
		RebuildTransferFunctionScriptingTraits (0ms)
		AnalyzeDomain (24ms)
			TypeCache.Refresh (7ms)
				TypeCache.ScanAssembly (0ms)
			BuildScriptInfoCaches (15ms)
			ResolveRequiredComponents (1ms)
	FinalizeReload (385ms)
		ReleaseScriptCaches (0ms)
		RebuildScriptCaches (0ms)
		SetupLoadedEditorAssemblies (258ms)
			LogAssemblyErrors (0ms)
			InitializePlatformSupportModulesInManaged (15ms)
			SetLoadedEditorAssemblies (2ms)
			BeforeProcessingInitializeOnLoad (71ms)
			ProcessInitializeOnLoadAttributes (129ms)
			ProcessInitializeOnLoadMethodAttributes (33ms)
			AfterProcessingInitializeOnLoad (8ms)
			EditorAssembliesLoaded (0ms)
		ExecutionOrderSort2 (0ms)
		AwakeInstancesAfterBackupRestoration (9ms)
Refreshing native plugins compatible for Editor in 0.15 ms, found 0 plugins.
Preloading 0 native plugins for Editor in 0.00 ms.
Unloading 1 Unused Serialized files (Serialized files now loaded: 0)
Unloading 563 unused Assets / (89.6 KB). Loaded Objects now: 1070.
Memory consumption went from 56.9 MB to 56.8 MB.
Total: 4.481400 ms (FindLiveObjects: 0.131000 ms CreateObjectMapping: 0.049200 ms MarkObjects: 4.069200 ms  DeleteObjects: 0.230800 ms)

Prepare: number of updated asset objects reloaded= 0
========================================================================
Received Import Request.
  Time since last request: 15.798507 seconds.
  path: Assets/Skidmarks/package.json
  artifactKey: Guid(370a0d322d9d026438e309888ec5155e) Importer(815301076,1909f56bfc062723c751e8b465ee728b)
Start importing Assets/Skidmarks/package.json using Guid(370a0d322d9d026438e309888ec5155e) Importer(815301076,1909f56bfc062723c751e8b465ee728b) (PreviewImporter) -> (artifact id: '79bb1cf5ff2c33975988ae58494c0253') in 0.0258998 seconds
Number of updated asset objects reloaded before import = 0Number of asset objects unloaded after import = 1

========================================================================
Received Import Request.
  Time since last request: 160.619913 seconds.
  path: Assets/Skidmarks/package.json
  artifactKey: Guid(370a0d322d9d026438e309888ec5155e) Importer(815301076,1909f56bfc062723c751e8b465ee728b)
Start importing Assets/Skidmarks/package.json using Guid(370a0d322d9d026438e309888ec5155e) Importer(815301076,1909f56bfc062723c751e8b465ee728b) (PreviewImporter) -> (artifact id: '5308a184655f655c76992ec90dcc4929') in 0.0012915 seconds
Number of updated asset objects reloaded before import = 0Number of asset objects unloaded after import = 1

========================================================================
Received Import Request.
  Time since last request: 471.407648 seconds.
  path: Assets/Skidmarks/Runtime/ferreira.skidmarks.asmdef
  artifactKey: Guid(18dd1faddb409714d8bbda725d3d85dd) Importer(815301076,1909f56bfc062723c751e8b465ee728b)
Start importing Assets/Skidmarks/Runtime/ferreira.skidmarks.asmdef using Guid(18dd1faddb409714d8bbda725d3d85dd) Importer(815301076,1909f56bfc062723c751e8b465ee728b) (PreviewImporter) -> (artifact id: '8afaf6cb86bd92aecee8f040c8304f7c') in 0.000924 seconds
Number of updated asset objects reloaded before import = 0Number of asset objects unloaded after import = 0

========================================================================
Received Prepare
Begin MonoManager ReloadAssembly
- Loaded All Assemblies, in  0.488 seconds
Refreshing native plugins compatible for Editor in 0.23 ms, found 0 plugins.
Native extension for Android target not found
Native extension for WindowsStandalone target not found
Mono: successfully reloaded assembly
- Finished resetting the current domain, in  0.398 seconds
Domain Reload Profiling: 883ms
	BeginReloadAssembly (216ms)
		ExecutionOrderSort (0ms)
		DisableScriptedObjects (7ms)
		BackupInstance (0ms)
		ReleaseScriptingObjects (0ms)
		CreateAndSetChildDomain (46ms)
	RebuildCommonClasses (44ms)
	RebuildNativeTypeToScriptingClass (18ms)
	initialDomainReloadingComplete (34ms)
	LoadAllAssembliesAndSetupDomain (172ms)
		LoadAssemblies (267ms)
		RebuildTransferFunctionScriptingTraits (0ms)
		AnalyzeDomain (30ms)
			TypeCache.Refresh (11ms)
				TypeCache.ScanAssembly (4ms)
			BuildScriptInfoCaches (16ms)
			ResolveRequiredComponents (1ms)
	FinalizeReload (399ms)
		ReleaseScriptCaches (0ms)
		RebuildScriptCaches (0ms)
		SetupLoadedEditorAssemblies (274ms)
			LogAssemblyErrors (0ms)
			InitializePlatformSupportModulesInManaged (13ms)
			SetLoadedEditorAssemblies (3ms)
			BeforeProcessingInitializeOnLoad (74ms)
			ProcessInitializeOnLoadAttributes (139ms)
			ProcessInitializeOnLoadMethodAttributes (35ms)
			AfterProcessingInitializeOnLoad (10ms)
			EditorAssembliesLoaded (0ms)
		ExecutionOrderSort2 (0ms)
		AwakeInstancesAfterBackupRestoration (8ms)
Refreshing native plugins compatible for Editor in 0.14 ms, found 0 plugins.
Preloading 0 native plugins for Editor in 0.00 ms.
Unloading 1 Unused Serialized files (Serialized files now loaded: 0)
Unloading 563 unused Assets / (75.8 KB). Loaded Objects now: 1070.
Memory consumption went from 56.9 MB to 56.8 MB.
Total: 5.294800 ms (FindLiveObjects: 0.197500 ms CreateObjectMapping: 0.062900 ms MarkObjects: 4.840000 ms  DeleteObjects: 0.193100 ms)

Prepare: number of updated asset objects reloaded= 0
========================================================================
Received Import Request.
  Time since last request: 40.719322 seconds.
  path: Assets/Skidmarks/Runtime/Ferreira.Skidmarks.asmdef
  artifactKey: Guid(18dd1faddb409714d8bbda725d3d85dd) Importer(815301076,1909f56bfc062723c751e8b465ee728b)
Start importing Assets/Skidmarks/Runtime/Ferreira.Skidmarks.asmdef using Guid(18dd1faddb409714d8bbda725d3d85dd) Importer(815301076,1909f56bfc062723c751e8b465ee728b) (PreviewImporter) -> (artifact id: '9e20a9ef119cad6c9086e59076d54387') in 0.0019159 seconds
Number of updated asset objects reloaded before import = 0Number of asset objects unloaded after import = 0

========================================================================
Received Prepare
Assembly with name 'ferreira.skidmarks' already exists (Assets/Skidmarks/Runtime/Ferreira.Skidmarks.asmdef)
Assembly with name 'ferreira.skidmarks' already exists (Assets/Skidmarks/Runtime/ferreira.skidmarks.asmdef)
Assembly with name 'ferreira.skidmarks' already exists (Assets/Skidmarks/Runtime/Ferreira.Skidmarks.asmdef)
Assembly with name 'ferreira.skidmarks' already exists (Assets/Skidmarks/Runtime/ferreira.skidmarks.asmdef)
Begin MonoManager ReloadAssembly
- Loaded All Assemblies, in  0.473 seconds
Assembly with name 'ferreira.skidmarks' already exists (Assets/Skidmarks/Runtime/Ferreira.Skidmarks.asmdef)
Assembly with name 'ferreira.skidmarks' already exists (Assets/Skidmarks/Runtime/ferreira.skidmarks.asmdef)
Refreshing native plugins compatible for Editor in 0.13 ms, found 0 plugins.
Native extension for Android target not found
Native extension for WindowsStandalone target not found
Assembly with name 'ferreira.skidmarks' already exists (Assets/Skidmarks/Runtime/Ferreira.Skidmarks.asmdef)
Assembly with name 'ferreira.skidmarks' already exists (Assets/Skidmarks/Runtime/ferreira.skidmarks.asmdef)
Mono: successfully reloaded assembly
- Finished resetting the current domain, in  0.403 seconds
Domain Reload Profiling: 874ms
	BeginReloadAssembly (227ms)
		ExecutionOrderSort (0ms)
		DisableScriptedObjects (7ms)
		BackupInstance (0ms)
		ReleaseScriptingObjects (0ms)
		CreateAndSetChildDomain (39ms)
	RebuildCommonClasses (47ms)
	RebuildNativeTypeToScriptingClass (21ms)
	initialDomainReloadingComplete (33ms)
	LoadAllAssembliesAndSetupDomain (141ms)
		LoadAssemblies (253ms)
		RebuildTransferFunctionScriptingTraits (0ms)
		AnalyzeDomain (30ms)
			TypeCache.Refresh (5ms)
				TypeCache.ScanAssembly (0ms)
			BuildScriptInfoCaches (21ms)
			ResolveRequiredComponents (1ms)
	FinalizeReload (403ms)
		ReleaseScriptCaches (0ms)
		RebuildScriptCaches (0ms)
		SetupLoadedEditorAssemblies (274ms)
			LogAssemblyErrors (0ms)
			InitializePlatformSupportModulesInManaged (12ms)
			SetLoadedEditorAssemblies (2ms)
			BeforeProcessingInitializeOnLoad (75ms)
			ProcessInitializeOnLoadAttributes (142ms)
			ProcessInitializeOnLoadMethodAttributes (33ms)
			AfterProcessingInitializeOnLoad (8ms)
			EditorAssembliesLoaded (0ms)
		ExecutionOrderSort2 (0ms)
		AwakeInstancesAfterBackupRestoration (7ms)
Refreshing native plugins compatible for Editor in 0.13 ms, found 0 plugins.
Preloading 0 native plugins for Editor in 0.00 ms.
Unloading 1 Unused Serialized files (Serialized files now loaded: 0)
Unloading 563 unused Assets / (65.2 KB). Loaded Objects now: 1070.
Memory consumption went from 57.0 MB to 56.9 MB.
Total: 3.638600 ms (FindLiveObjects: 0.101100 ms CreateObjectMapping: 0.034500 ms MarkObjects: 3.351000 ms  DeleteObjects: 0.151200 ms)

Prepare: number of updated asset objects reloaded= 0
========================================================================
Received Prepare
Assembly with name 'Ferreira.Skidmarks' already exists (Assets/Skidmarks/Runtime/Ferreira.Skidmarks.asmdef)
Assembly with name 'Ferreira.Skidmarks' already exists (Assets/Skidmarks/Runtime/ferreira.skidmarks.asmdef)
Assembly with name 'Ferreira.Skidmarks' already exists (Assets/Skidmarks/Runtime/Ferreira.Skidmarks.asmdef)
Assembly with name 'Ferreira.Skidmarks' already exists (Assets/Skidmarks/Runtime/ferreira.skidmarks.asmdef)
Begin MonoManager ReloadAssembly
Assembly 'Library/ScriptAssemblies/ferreira.skidmarks.dll' will not be loaded due to errors:
Assembly name 'Ferreira.Skidmarks' does not match file name 'ferreira.skidmarks'
- Loaded All Assemblies, in  0.506 seconds
Assembly with name 'Ferreira.Skidmarks' already exists (Assets/Skidmarks/Runtime/Ferreira.Skidmarks.asmdef)
Assembly with name 'Ferreira.Skidmarks' already exists (Assets/Skidmarks/Runtime/ferreira.skidmarks.asmdef)
Refreshing native plugins compatible for Editor in 0.13 ms, found 0 plugins.
Native extension for Android target not found
Native extension for WindowsStandalone target not found
Assembly with name 'Ferreira.Skidmarks' already exists (Assets/Skidmarks/Runtime/Ferreira.Skidmarks.asmdef)
Assembly with name 'Ferreira.Skidmarks' already exists (Assets/Skidmarks/Runtime/ferreira.skidmarks.asmdef)
Mono: successfully reloaded assembly
- Finished resetting the current domain, in  0.459 seconds
Domain Reload Profiling: 961ms
	BeginReloadAssembly (224ms)
		ExecutionOrderSort (0ms)
		DisableScriptedObjects (7ms)
		BackupInstance (0ms)
		ReleaseScriptingObjects (0ms)
		CreateAndSetChildDomain (49ms)
	RebuildCommonClasses (62ms)
	RebuildNativeTypeToScriptingClass (18ms)
	initialDomainReloadingComplete (35ms)
	LoadAllAssembliesAndSetupDomain (164ms)
		LoadAssemblies (263ms)
		RebuildTransferFunctionScriptingTraits (0ms)
		AnalyzeDomain (31ms)
			TypeCache.Refresh (8ms)
				TypeCache.ScanAssembly (0ms)
			BuildScriptInfoCaches (20ms)
			ResolveRequiredComponents (1ms)
	FinalizeReload (460ms)
		ReleaseScriptCaches (0ms)
		RebuildScriptCaches (0ms)
		SetupLoadedEditorAssemblies (320ms)
			LogAssemblyErrors (0ms)
			InitializePlatformSupportModulesInManaged (13ms)
			SetLoadedEditorAssemblies (3ms)
			BeforeProcessingInitializeOnLoad (83ms)
			ProcessInitializeOnLoadAttributes (160ms)
			ProcessInitializeOnLoadMethodAttributes (47ms)
			AfterProcessingInitializeOnLoad (14ms)
			EditorAssembliesLoaded (0ms)
		ExecutionOrderSort2 (0ms)
		AwakeInstancesAfterBackupRestoration (11ms)
Refreshing native plugins compatible for Editor in 0.14 ms, found 0 plugins.
Preloading 0 native plugins for Editor in 0.00 ms.
Unloading 1 Unused Serialized files (Serialized files now loaded: 0)
Unloading 563 unused Assets / (83.0 KB). Loaded Objects now: 1070.
Memory consumption went from 56.9 MB to 56.9 MB.
Total: 3.774000 ms (FindLiveObjects: 0.107300 ms CreateObjectMapping: 0.039400 ms MarkObjects: 3.437600 ms  DeleteObjects: 0.188600 ms)

Prepare: number of updated asset objects reloaded= 0
========================================================================
Received Import Request.
  Time since last request: 91.436410 seconds.
  path: Assets/Skidmarks/SkidmarksTex.psd
  artifactKey: Guid(26034eb97365ff443a07e333666652de) Importer(815301076,1909f56bfc062723c751e8b465ee728b)
Start importing Assets/Skidmarks/SkidmarksTex.psd using Guid(26034eb97365ff443a07e333666652de) Importer(815301076,1909f56bfc062723c751e8b465ee728b) (PreviewImporter) -> (artifact id: '34cee83b62a04c1ae29bb592d284223b') in 0.0893715 seconds
Number of updated asset objects reloaded before import = 0Number of asset objects unloaded after import = 2

========================================================================
Received Import Request.
  Time since last request: 12.528724 seconds.
  path: Assets/Skidmarks/Text_Skidmarks.psd
  artifactKey: Guid(26034eb97365ff443a07e333666652de) Importer(815301076,1909f56bfc062723c751e8b465ee728b)
Start importing Assets/Skidmarks/Text_Skidmarks.psd using Guid(26034eb97365ff443a07e333666652de) Importer(815301076,1909f56bfc062723c751e8b465ee728b) (PreviewImporter) -> (artifact id: 'f8326c498dafa7ef8c7914ccb12b9d0f') in 0.0104718 seconds
Number of updated asset objects reloaded before import = 0Number of asset objects unloaded after import = 2

========================================================================
Received Import Request.
  Time since last request: 5.547388 seconds.
  path: Assets/Skidmarks/SHR_Skidmarks.shader
  artifactKey: Guid(748797bf246665248b65ec17e29bd275) Importer(815301076,1909f56bfc062723c751e8b465ee728b)
Start importing Assets/Skidmarks/SHR_Skidmarks.shader using Guid(748797bf246665248b65ec17e29bd275) Importer(815301076,1909f56bfc062723c751e8b465ee728b) (PreviewImporter) -> (artifact id: '63922910307cd6dc0de33cc64322253b') in 0.0016578 seconds
Number of updated asset objects reloaded before import = 1Number of asset objects unloaded after import = 0

========================================================================
Received Import Request.
  Time since last request: 623.785602 seconds.
  path: Assets/Skidmarks/Materials
  artifactKey: Guid(32140d7972ee0cc41bf6fcff18448cda) Importer(815301076,1909f56bfc062723c751e8b465ee728b)
Start importing Assets/Skidmarks/Materials using Guid(32140d7972ee0cc41bf6fcff18448cda) Importer(815301076,1909f56bfc062723c751e8b465ee728b) (PreviewImporter) -> (artifact id: '01deb266d856864b52e7be043f47548b') in 0.0007873 seconds
Number of updated asset objects reloaded before import = 0Number of asset objects unloaded after import = 0

========================================================================
Received Import Request.
  Time since last request: 568.873177 seconds.
  path: Assets/Standard Assets/SampleScenes/Textures/GridEmissive.png
  artifactKey: Guid(f12438971f1ef65478bf3b3f12e0aab4) Importer(815301076,1909f56bfc062723c751e8b465ee728b)
Start importing Assets/Standard Assets/SampleScenes/Textures/GridEmissive.png using Guid(f12438971f1ef65478bf3b3f12e0aab4) Importer(815301076,1909f56bfc062723c751e8b465ee728b) (PreviewImporter) -> (artifact id: 'd04c747d56a9d19972fb2626a861f9cc') in 0.0706142 seconds
Number of updated asset objects reloaded before import = 0Number of asset objects unloaded after import = 2

========================================================================
Received Import Request.
  Time since last request: 0.000041 seconds.
  path: Assets/Standard Assets/SampleScenes/Textures/SwatchNavyAlbedo.png
  artifactKey: Guid(ee5f9bf88befa4e4eb6ac1d74dae4051) Importer(815301076,1909f56bfc062723c751e8b465ee728b)
Start importing Assets/Standard Assets/SampleScenes/Textures/SwatchNavyAlbedo.png using Guid(ee5f9bf88befa4e4eb6ac1d74dae4051) Importer(815301076,1909f56bfc062723c751e8b465ee728b) (PreviewImporter) -> (artifact id: '5328fc03aa09e60edda7734f70812c58') in 0.0293311 seconds
Number of updated asset objects reloaded before import = 0Number of asset objects unloaded after import = 2

========================================================================
Received Import Request.
  Time since last request: 0.000027 seconds.
  path: Assets/Standard Assets/Vehicles/Car/Textures/SkyCarBodyOcclusion.png
  artifactKey: Guid(bd0d469704e7c934ebddc45ece4c1868) Importer(815301076,1909f56bfc062723c751e8b465ee728b)
Start importing Assets/Standard Assets/Vehicles/Car/Textures/SkyCarBodyOcclusion.png using Guid(bd0d469704e7c934ebddc45ece4c1868) Importer(815301076,1909f56bfc062723c751e8b465ee728b) (PreviewImporter) -> (artifact id: '21df3bdfd8c58238220fad248323b586') in 0.0305579 seconds
Number of updated asset objects reloaded before import = 0Number of asset objects unloaded after import = 2

========================================================================
Received Import Request.
  Time since last request: 0.000024 seconds.
  path: Assets/Standard Assets/Vehicles/Car/Textures/SkyCarWheelNormals.png
  artifactKey: Guid(af58420b18450884782f4761c8f71952) Importer(815301076,1909f56bfc062723c751e8b465ee728b)
Start importing Assets/Standard Assets/Vehicles/Car/Textures/SkyCarWheelNormals.png using Guid(af58420b18450884782f4761c8f71952) Importer(815301076,1909f56bfc062723c751e8b465ee728b) (PreviewImporter) -> (artifact id: '8f760a83154b63f9d75dd4c453dede3c') in 0.1609342 seconds
Number of updated asset objects reloaded before import = 0Number of asset objects unloaded after import = 2

========================================================================
Received Import Request.
  Time since last request: 0.000028 seconds.
  path: Assets/Standard Assets/SampleScenes/Textures/SwatchNavyDarkAlbedo.png
  artifactKey: Guid(b64756a3fbf7f7e42b02aa3aa8669374) Importer(815301076,1909f56bfc062723c751e8b465ee728b)
Start importing Assets/Standard Assets/SampleScenes/Textures/SwatchNavyDarkAlbedo.png using Guid(b64756a3fbf7f7e42b02aa3aa8669374) Importer(815301076,1909f56bfc062723c751e8b465ee728b) (PreviewImporter) -> (artifact id: '4659c957d0835bfac6496d48cbcf586f') in 0.0148362 seconds
Number of updated asset objects reloaded before import = 0Number of asset objects unloaded after import = 2

========================================================================
Received Import Request.
  Time since last request: 0.000051 seconds.
  path: Assets/Standard Assets/Vehicles/Car/Textures/SkyCarLightsGlowAlpha.png
  artifactKey: Guid(6fc19647dd174e04e9793be879aea216) Importer(815301076,1909f56bfc062723c751e8b465ee728b)
Start importing Assets/Standard Assets/Vehicles/Car/Textures/SkyCarLightsGlowAlpha.png using Guid(6fc19647dd174e04e9793be879aea216) Importer(815301076,1909f56bfc062723c751e8b465ee728b) (PreviewImporter) -> (artifact id: 'a4e4889ec7e634f2957f4d30ea7e165a') in 0.0179095 seconds
Number of updated asset objects reloaded before import = 0Number of asset objects unloaded after import = 2

========================================================================
Received Import Request.
  Time since last request: 0.000041 seconds.
  path: Assets/Standard Assets/Vehicles/Car/Textures/SkyCarWheelOcclusion.png
  artifactKey: Guid(9486e5d1d37e86246b9bd1e314a8a721) Importer(815301076,1909f56bfc062723c751e8b465ee728b)
Start importing Assets/Standard Assets/Vehicles/Car/Textures/SkyCarWheelOcclusion.png using Guid(9486e5d1d37e86246b9bd1e314a8a721) Importer(815301076,1909f56bfc062723c751e8b465ee728b) (PreviewImporter) -> (artifact id: '7f063e5cc34bcc5394589c86544a2ac0') in 0.017134 seconds
Number of updated asset objects reloaded before import = 0Number of asset objects unloaded after import = 2

Editor requested this worker to shutdown with reason: Scaling down because of idle timeout
AssetImportWorker is now disconnected from the server
Process exiting
Exiting without the bug reporter. Application will terminate with return code 0